<?xml version="1.0" encoding="UTF-8"?>
<testng-results skipped="0" failed="0" ignored="0" total="1" passed="1">
  <reporter-output>
  </reporter-output>
  <suite name="Default suite" duration-ms="13777" started-at="2017-03-08T19:10:01Z" finished-at="2017-03-08T19:10:15Z">
    <groups>
    </groups>
    <test name="Default test" duration-ms="13777" started-at="2017-03-08T19:10:01Z" finished-at="2017-03-08T19:10:15Z">
      <class name="proj_demo.Test_Class">
        <test-method status="PASS" signature="verify_login()[pri:0, instance:proj_demo.Test_Class@6767c1fc]" name="verify_login" duration-ms="13752" started-at="2017-03-09T00:40:01Z" finished-at="2017-03-09T00:40:15Z">
          <reporter-output>
          </reporter-output>
        </test-method> <!-- verify_login -->
      </class> <!-- proj_demo.Test_Class -->
    </test> <!-- Default test -->
  </suite> <!-- Default suite -->
</testng-results>
